2019-09-24 20:32:46.922  INFO 24944 --- [main] com.wzy.SystemApplication                : Starting SystemApplication on sega-wuzhaoyu with PID 24944 (G:\OTW\otw-web\target\classes started by 19666 in G:\OTW)
2019-09-24 20:32:46.940  INFO 24944 --- [main] com.wzy.SystemApplication                : The following profiles are active: dev
2019-09-24 20:32:47.011  INFO 24944 --- [main] .e.DevToolsPropertyDefaultsPostProcessor : For additional web related logging consider setting the 'logging.level.web' property to 'DEBUG'
2019-09-24 20:32:47.963  WARN 24944 --- [main] o.m.s.mapper.ClassPathMapperScanner      : No MyBatis mapper was found in '[com.wzy.mapper.*]' package. Please check your configuration.
2019-09-24 20:32:48.407  INFO 24944 --- [main] .s.d.r.c.RepositoryConfigurationDelegate : Multiple Spring Data modules found, entering strict repository configuration mode!
2019-09-24 20:32:48.419  INFO 24944 --- [main] .s.d.r.c.RepositoryConfigurationDelegate : Bootstrapping Spring Data repositories in DEFAULT mode.
2019-09-24 20:32:48.503  INFO 24944 --- [main] .s.d.r.c.RepositoryConfigurationDelegate : Finished Spring Data repository scanning in 60ms. Found 0 repository interfaces.
2019-09-24 20:32:48.511  INFO 24944 --- [main] .s.d.r.c.RepositoryConfigurationDelegate : Multiple Spring Data modules found, entering strict repository configuration mode!
2019-09-24 20:32:48.511  INFO 24944 --- [main] .s.d.r.c.RepositoryConfigurationDelegate : Bootstrapping Spring Data repositories in DEFAULT mode.
2019-09-24 20:32:48.535  INFO 24944 --- [main] .s.d.r.c.RepositoryConfigurationDelegate : Finished Spring Data repository scanning in 14ms. Found 0 repository interfaces.
2019-09-24 20:32:49.278  INFO 24944 --- [main] trationDelegate$BeanPostProcessorChecker : Bean 'org.springframework.transaction.annotation.ProxyTransactionManagementConfiguration' of type [org.springframework.transaction.annotation.ProxyTransactionManagementConfiguration$$EnhancerBySpringCGLIB$$eb4557da] is not eligible for getting processed by all BeanPostProcessors (for example: not eligible for auto-proxying)
2019-09-24 20:32:49.984  INFO 24944 --- [main] o.s.b.w.embedded.tomcat.TomcatWebServer  : Tomcat initialized with port(s): 8088 (http)
2019-09-24 20:32:50.004  INFO 24944 --- [main] o.apache.catalina.core.StandardService   : Starting service [Tomcat]
2019-09-24 20:32:50.004  INFO 24944 --- [main] org.apache.catalina.core.StandardEngine  : Starting Servlet Engine: Apache Tomcat/9.0.13
2019-09-24 20:32:50.010  INFO 24944 --- [main] o.a.catalina.core.AprLifecycleListener   : The APR based Apache Tomcat Native library which allows optimal performance in production environments was not found on the java.library.path: [C:\Program Files (x86)\Java\jdk1.8.0_144\bin;C:\WINDOWS\Sun\Java\bin;C:\WINDOWS\system32;C:\WINDOWS;F:\xshell\;C:\Program Files (x86)\Common Files\Oracle\Java\javapath;C:\ProgramData\Oracle\Java\javapath;C:\Program Files (x86)\Intel\Intel(R) Management Engine Components\iCLS\;C:\Program Files\Intel\Intel(R) Management Engine Components\iCLS\;C:\Windows\system32;C:\Windows;C:\Windows\System32\Wbem;C:\Windows\System32\WindowsPowerShell\v1.0\;C:\Program Files (x86)\Intel\Intel(R) Management Engine Components\DAL;C:\Program Files\Intel\Intel(R) Management Engine Components\DAL;C:\Program Files (x86)\Intel\Intel(R) Management Engine Components\IPT;C:\Program Files\Intel\Intel(R) Management Engine Components\IPT;C:\Program Files (x86)\NVIDIA Corporation\PhysX\Common;D:\Program Files\Java\jdk1.8.0_161\bin;C:\Program Files\MySQL\MySQL Server 5.5\bin;D:\Program Files\Java\jdk1.8.0_161\jre\bin;D:\gradle\gradle-4.3\bin;D:\svn\bin;D:\node\;C:\WINDOWS\system32;C:\WINDOWS;C:\WINDOWS\System32\Wbem;C:\WINDOWS\System32\WindowsPowerShell\v1.0\;C:\WINDOWS\System32\OpenSSH\;C:\Program Files\Intel\WiFi\bin\;C:\Program Files\Common Files\Intel\WirelessCommon\;D:\Microsoft VS Code\Microsoft VS Code\bin;D:\Git\bin;D:\Anaconda\Scripts;D:\Anaconda;D:\Anaconda\Library\bin;D:\apache-maven\bin;C:\Users\19666\AppData\Local\Microsoft\WindowsApps;C:\Users\19666\AppData\Roaming\npm;;.]
2019-09-24 20:32:50.332  INFO 24944 --- [main] org.apache.jasper.servlet.TldScanner     : At least one JAR was scanned for TLDs yet contained no TLDs. Enable debug logging for this logger for a complete list of JARs that were scanned but no TLDs were found in them. Skipping unneeded JARs during scanning can improve startup time and JSP compilation time.
2019-09-24 20:32:50.336  INFO 24944 --- [main] o.a.c.c.C.[Tomcat].[localhost].[/]       : Initializing Spring embedded WebApplicationContext
2019-09-24 20:32:50.337 DEBUG 24944 --- [main] o.s.web.context.ContextLoader            : Published root WebApplicationContext as ServletContext attribute with name [org.springframework.web.context.WebApplicationContext.ROOT]
2019-09-24 20:32:50.337  INFO 24944 --- [main] o.s.web.context.ContextLoader            : Root WebApplicationContext: initialization completed in 3325 ms
2019-09-24 20:32:53.260  INFO 24944 --- [main] com.zaxxer.hikari.HikariDataSource       : HikariPool-1 - Starting...
2019-09-24 20:32:53.262  WARN 24944 --- [main] com.zaxxer.hikari.util.DriverDataSource  : Registered driver with driverClassName=com.mysql.jdbc.Driver was not found, trying direct instantiation.
2019-09-24 20:32:53.536  INFO 24944 --- [main] com.zaxxer.hikari.HikariDataSource       : HikariPool-1 - Start completed.
2019-09-24 20:32:54.952 TRACE 24944 --- [main] o.s.w.s.handler.SimpleUrlHandlerMapping  : Mapped [/**/favicon.ico] onto ResourceHttpRequestHandler [class path resource [META-INF/resources/], class path resource [resources/], class path resource [static/], class path resource [public/], ServletContext resource [/], class path resource []]
2019-09-24 20:32:54.952 DEBUG 24944 --- [main] o.s.w.s.handler.SimpleUrlHandlerMapping  : Patterns [/**/favicon.ico] in 'faviconHandlerMapping'
2019-09-24 20:32:55.312  INFO 24944 --- [main] o.s.s.concurrent.ThreadPoolTaskExecutor  : Initializing ExecutorService 'applicationTaskExecutor'
2019-09-24 20:32:55.340 DEBUG 24944 --- [main] s.w.s.m.m.a.RequestMappingHandlerAdapter : ControllerAdvice beans: 0 @ModelAttribute, 0 @InitBinder, 1 RequestBodyAdvice, 1 ResponseBodyAdvice
2019-09-24 20:32:55.401 TRACE 24944 --- [main] s.w.s.m.m.a.RequestMappingHandlerMapping : 
	c.w.c.F.uploadContrller:
	{POST /fileUploadController}: fileUpload(MultipartFile,HttpSession)
2019-09-24 20:32:55.407 TRACE 24944 --- [main] s.w.s.m.m.a.RequestMappingHandlerMapping : 
	c.w.c.p.BizArticleController:
	{GET /bizArticle/queryRecentSixMonthCondition}: queryRecentSixMonthCondition(String,Model)
	{POST /bizArticle/queryAritcleGroupByType}: queryAritcleGroupByType(Model)
	{ /bizArticle/queryRecentSixMonthTotal}: queryRecentSixMonthTotal()
	{POST /bizArticle/recentPosts}: recentPosts(Model)
	{POST /bizArticle/queryCondition}: queryCondition(JSONObject)
	{ /bizArticle/singlePost/{tid}}: singlePost(Long)
	{POST /bizArticle/blogList}: blogPage(JSONObject,Model)
	{POST /bizArticle/grid}: grid(ModelAndView)
2019-09-24 20:32:55.407 TRACE 24944 --- [main] s.w.s.m.m.a.RequestMappingHandlerMapping : 
	c.w.c.p.BizArticleLookController:
	
2019-09-24 20:32:55.408 TRACE 24944 --- [main] s.w.s.m.m.a.RequestMappingHandlerMapping : 
	c.w.c.p.BizArticleLoveController:
	
2019-09-24 20:32:55.408 TRACE 24944 --- [main] s.w.s.m.m.a.RequestMappingHandlerMapping : 
	c.w.c.p.BizArticleTagsController:
	
2019-09-24 20:32:55.408 TRACE 24944 --- [main] s.w.s.m.m.a.RequestMappingHandlerMapping : 
	c.w.c.p.BizCommentController:
	
2019-09-24 20:32:55.408 TRACE 24944 --- [main] s.w.s.m.m.a.RequestMappingHandlerMapping : 
	c.w.c.p.BizFileController:
	
2019-09-24 20:32:55.408 TRACE 24944 --- [main] s.w.s.m.m.a.RequestMappingHandlerMapping : 
	c.w.c.p.BizTagsController:
	
2019-09-24 20:32:55.408 TRACE 24944 --- [main] s.w.s.m.m.a.RequestMappingHandlerMapping : 
	c.w.c.p.BizTypeController:
	
2019-09-24 20:32:55.408 TRACE 24944 --- [main] s.w.s.m.m.a.RequestMappingHandlerMapping : 
	c.w.c.p.SysConfigController:
	
2019-09-24 20:32:55.409 TRACE 24944 --- [main] s.w.s.m.m.a.RequestMappingHandlerMapping : 
	c.w.c.p.SysContentsController:
	{POST /contentResources/queryCondition}: userList(JSONObject)
	{POST /contentResources/queryDetailByTid}: queryDetailByTid(JSONObject)
2019-09-24 20:32:55.409 TRACE 24944 --- [main] s.w.s.m.m.a.RequestMappingHandlerMapping : 
	c.w.c.p.SysLinkController:
	
2019-09-24 20:32:55.409 TRACE 24944 --- [main] s.w.s.m.m.a.RequestMappingHandlerMapping : 
	c.w.c.p.SysLogController:
	
2019-09-24 20:32:55.409 TRACE 24944 --- [main] s.w.s.m.m.a.RequestMappingHandlerMapping : 
	c.w.c.p.SysNoticeController:
	
2019-09-24 20:32:55.410 TRACE 24944 --- [main] s.w.s.m.m.a.RequestMappingHandlerMapping : 
	c.w.c.p.SysTemplateController:
	
2019-09-24 20:32:55.410 TRACE 24944 --- [main] s.w.s.m.m.a.RequestMappingHandlerMapping : 
	c.w.c.s.CoreController:
	{ /exit}: exit(String)
2019-09-24 20:32:55.412 TRACE 24944 --- [main] s.w.s.m.m.a.RequestMappingHandlerMapping : 
	c.w.c.s.ExceptionController:
	{ /error/500}: exception()
	{ /error/show2}: showInfo2()
	{ /error/404}: notFound()
2019-09-24 20:32:55.412 TRACE 24944 --- [main] s.w.s.m.m.a.RequestMappingHandlerMapping : 
	c.w.c.s.FileController:
	{POST /file/uploadFile}: uploadFile(MultipartFile[],HttpSession,HttpServletRequest)
	{GET /file/showImage}: showImage(String,HttpServletResponse,HttpServletRequest)
2019-09-24 20:32:55.414 TRACE 24944 --- [main] s.w.s.m.m.a.RequestMappingHandlerMapping : 
	c.w.c.s.SolrController:
	{ /solr/add}: add()
	{ /solr/delete}: delete(String)
	{ /solr/search1}: search()
	{ /solr/getById}: getById(String)
	{ /solr/deleteAll}: deleteAll()
	{ /solr/search}: searchPage(String,int,int,String,Model)
	{ /solr/spellCheck}: SpellCheck(String)
2019-09-24 20:32:55.415 TRACE 24944 --- [main] s.w.s.m.m.a.RequestMappingHandlerMapping : 
	c.w.c.s.SysContentController:
	{POST /api/sysResources/save}: save(JSONObject)
	{POST /api/sysResources/queryCondition}: queryCondition(JSONObject)
2019-09-24 20:32:55.417 TRACE 24944 --- [main] s.w.s.m.m.a.RequestMappingHandlerMapping : 
	c.w.c.t.PortalController:
	{ [/portal/, /]}: index()
	{ [/portal/catalog, /catalog]}: catalog()
	{ [/portal/footer, /footer]}: footer()
	{ [/portal/singlePost/{tid}, /singlePost/{tid}]}: singlePost(Integer)
	{ [/portal/search, /search]}: searchPage(ModelAndView)
	{ [/portal/index, /index]}: helloWorld()
	{ [/portal/blog, /blog]}: blogPage()
	{ [/portal/grid, /grid]}: grid(ModelAndView)
	{ [/portal/about, /about]}: about()
2019-09-24 20:32:55.418 TRACE 24944 --- [main] s.w.s.m.m.a.RequestMappingHandlerMapping : 
	c.w.r.LogController:
	
2019-09-24 20:32:55.419 TRACE 24944 --- [main] s.w.s.m.m.a.RequestMappingHandlerMapping : 
	o.s.b.a.w.s.e.BasicErrorController:
	{ /error}: error(HttpServletRequest)
	{ /error, produces [text/html]}: errorHtml(HttpServletRequest,HttpServletResponse)
2019-09-24 20:32:55.424 DEBUG 24944 --- [main] s.w.s.m.m.a.RequestMappingHandlerMapping : 37 mappings in 'requestMappingHandlerMapping'
2019-09-24 20:32:55.440 DEBUG 24944 --- [main] o.s.w.s.h.BeanNameUrlHandlerMapping      : Detected 0 mappings in 'beanNameHandlerMapping'
2019-09-24 20:32:55.448 TRACE 24944 --- [main] o.s.w.s.handler.SimpleUrlHandlerMapping  : Mapped [/webjars/**] onto ResourceHttpRequestHandler ["classpath:/META-INF/resources/webjars/"]
2019-09-24 20:32:55.448 TRACE 24944 --- [main] o.s.w.s.handler.SimpleUrlHandlerMapping  : Mapped [/static/** ,/templates/**,/public/**] onto ResourceHttpRequestHandler ["classpath:/META-INF/resources/", "classpath:/resources/", "classpath:/static/", "classpath:/public/", "/"]
2019-09-24 20:32:55.448 TRACE 24944 --- [main] o.s.w.s.handler.SimpleUrlHandlerMapping  : Mapped [/static/**] onto ResourceHttpRequestHandler ["classpath:/static/"]
2019-09-24 20:32:55.448 TRACE 24944 --- [main] o.s.w.s.handler.SimpleUrlHandlerMapping  : Mapped [/templates/**] onto ResourceHttpRequestHandler ["classpath:/templates/"]
2019-09-24 20:32:55.448 TRACE 24944 --- [main] o.s.w.s.handler.SimpleUrlHandlerMapping  : Mapped [/public/**] onto ResourceHttpRequestHandler ["classpath:/templates/portal/public/"]
2019-09-24 20:32:55.448 DEBUG 24944 --- [main] o.s.w.s.handler.SimpleUrlHandlerMapping  : Patterns [/webjars/**, /static/** ,/templates/**,/public/**, /static/**, /templates/**, /public/**] in 'resourceHandlerMapping'
2019-09-24 20:32:55.467 DEBUG 24944 --- [main] .m.m.a.ExceptionHandlerExceptionResolver : ControllerAdvice beans: 2 @ExceptionHandler, 1 ResponseBodyAdvice
2019-09-24 20:32:55.550  INFO 24944 --- [main] o.s.b.a.w.s.WelcomePageHandlerMapping    : Adding welcome page template: index
2019-09-24 20:32:56.202  INFO 24944 --- [main] org.quartz.impl.StdSchedulerFactory      : Using default implementation for ThreadExecutor
2019-09-24 20:32:56.214  INFO 24944 --- [main] org.quartz.core.SchedulerSignalerImpl    : Initialized Scheduler Signaller of type: class org.quartz.core.SchedulerSignalerImpl
2019-09-24 20:32:56.215  INFO 24944 --- [main] org.quartz.core.QuartzScheduler          : Quartz Scheduler v.2.2.1 created.
2019-09-24 20:32:56.216  INFO 24944 --- [main] org.quartz.simpl.RAMJobStore             : RAMJobStore initialized.
2019-09-24 20:32:56.217  INFO 24944 --- [main] org.quartz.core.QuartzScheduler          : Scheduler meta-data: Quartz Scheduler (v2.2.1) 'quartzScheduler' with instanceId 'NON_CLUSTERED'
  Scheduler class: 'org.quartz.core.QuartzScheduler' - running locally.
  NOT STARTED.
  Currently in standby mode.
  Number of jobs executed: 0
  Using thread pool 'org.quartz.simpl.SimpleThreadPool' - with 10 threads.
  Using job-store 'org.quartz.simpl.RAMJobStore' - which does not support persistence. and is not clustered.

2019-09-24 20:32:56.217  INFO 24944 --- [main] org.quartz.impl.StdSchedulerFactory      : Quartz scheduler 'quartzScheduler' initialized from an externally provided properties instance.
2019-09-24 20:32:56.217  INFO 24944 --- [main] org.quartz.impl.StdSchedulerFactory      : Quartz scheduler version: 2.2.1
2019-09-24 20:32:56.217  INFO 24944 --- [main] org.quartz.core.QuartzScheduler          : JobFactory set to: org.springframework.scheduling.quartz.SpringBeanJobFactory@1ee1c13
2019-09-24 20:32:56.300  INFO 24944 --- [main] o.s.b.a.e.web.EndpointLinksResolver      : Exposing 2 endpoint(s) beneath base path '/actuator'
2019-09-24 20:32:56.368  INFO 24944 --- [main] o.s.s.quartz.SchedulerFactoryBean        : Starting Quartz Scheduler now
2019-09-24 20:32:56.368  INFO 24944 --- [main] org.quartz.core.QuartzScheduler          : Scheduler quartzScheduler_$_NON_CLUSTERED started.
2019-09-24 20:32:56.501  INFO 24944 --- [main] o.s.b.w.embedded.tomcat.TomcatWebServer  : Tomcat started on port(s): 8088 (http) with context path ''
2019-09-24 20:32:56.504  INFO 24944 --- [main] com.wzy.SystemApplication                : Started SystemApplication in 10.272 seconds (JVM running for 11.876)
2019-09-24 20:33:21.192  INFO 24944 --- [Thread-7] org.quartz.core.QuartzScheduler          : Scheduler quartzScheduler_$_NON_CLUSTERED paused.
2019-09-24 20:33:21.193  INFO 24944 --- [Thread-7] o.s.s.quartz.SchedulerFactoryBean        : Shutting down Quartz Scheduler
2019-09-24 20:33:21.194  INFO 24944 --- [Thread-7] org.quartz.core.QuartzScheduler          : Scheduler quartzScheduler_$_NON_CLUSTERED shutting down.
2019-09-24 20:33:21.194  INFO 24944 --- [Thread-7] org.quartz.core.QuartzScheduler          : Scheduler quartzScheduler_$_NON_CLUSTERED paused.
2019-09-24 20:33:21.194  INFO 24944 --- [Thread-7] org.quartz.core.QuartzScheduler          : Scheduler quartzScheduler_$_NON_CLUSTERED shutdown complete.
2019-09-24 20:33:21.201  INFO 24944 --- [Thread-7] o.s.s.concurrent.ThreadPoolTaskExecutor  : Shutting down ExecutorService 'applicationTaskExecutor'
2019-09-24 20:33:21.202  INFO 24944 --- [Thread-7] com.zaxxer.hikari.HikariDataSource       : HikariPool-1 - Shutdown initiated...
2019-09-24 20:33:21.209  INFO 24944 --- [Thread-7] com.zaxxer.hikari.HikariDataSource       : HikariPool-1 - Shutdown completed.
